2026-02-04 13:13:40 INFO  testCases.TC001_AccountRegestration - *****starting TC001_AccountRegestration
2026-02-04 13:13:40 INFO  testCases.TC001_AccountRegestration - clicked on my account link
2026-02-04 13:13:40 INFO  testCases.TC001_AccountRegestration - clicked on regester link
2026-02-04 13:13:40 INFO  testCases.TC001_AccountRegestration - providing all the details
2026-02-04 13:13:42 INFO  testCases.TC001_AccountRegestration - validating expected message
2026-02-04 15:15:50 INFO  testCases.TC001_AccountRegestration - *****starting TC001_AccountRegestration
2026-02-04 15:15:50 INFO  testCases.TC001_AccountRegestration - clicked on my account link
2026-02-04 15:15:50 INFO  testCases.TC001_AccountRegestration - clicked on regester link
2026-02-04 15:15:50 INFO  testCases.TC001_AccountRegestration - providing all the details
2026-02-04 15:15:51 INFO  testCases.TC001_AccountRegestration - validating expected message
2026-02-04 15:16:27 INFO  testCases.TC001_AccountRegestration - *****starting TC001_AccountRegestration
2026-02-04 15:16:27 INFO  testCases.TC001_AccountRegestration - clicked on my account link
2026-02-04 15:16:28 INFO  testCases.TC001_AccountRegestration - clicked on regester link
2026-02-04 15:16:28 INFO  testCases.TC001_AccountRegestration - providing all the details
2026-02-04 15:16:29 INFO  testCases.TC001_AccountRegestration - validating expected message
2026-02-04 15:27:49 INFO  testCases.TC001_AccountRegestration - *****starting TC001_AccountRegestration
2026-02-04 15:27:50 INFO  testCases.TC001_AccountRegestration - clicked on my account link
2026-02-04 15:27:50 INFO  testCases.TC001_AccountRegestration - clicked on regester link
2026-02-04 15:27:50 INFO  testCases.TC001_AccountRegestration - providing all the details
2026-02-04 15:27:51 INFO  testCases.TC001_AccountRegestration - validating expected message
2026-02-04 15:27:59 INFO  testCases.TC001_AccountRegestration - *****starting TC001_AccountRegestration
2026-02-04 15:27:59 INFO  testCases.TC001_AccountRegestration - clicked on my account link
2026-02-04 15:27:59 INFO  testCases.TC001_AccountRegestration - clicked on regester link
2026-02-04 15:27:59 INFO  testCases.TC001_AccountRegestration - providing all the details
2026-02-04 15:28:01 INFO  testCases.TC001_AccountRegestration - validating expected message
2026-02-04 15:28:10 INFO  testCases.TC001_AccountRegestration - *****starting TC001_AccountRegestration
2026-02-04 15:28:10 INFO  testCases.TC001_AccountRegestration - clicked on my account link
2026-02-04 15:28:11 INFO  testCases.TC001_AccountRegestration - clicked on regester link
2026-02-04 15:28:11 INFO  testCases.TC001_AccountRegestration - providing all the details
2026-02-04 15:28:12 INFO  testCases.TC001_AccountRegestration - validating expected message
2026-02-04 15:28:49 INFO  testCases.TC001_AccountRegestration - *****starting TC001_AccountRegestration
2026-02-04 15:28:49 INFO  testCases.TC001_AccountRegestration - clicked on my account link
2026-02-04 15:28:49 INFO  testCases.TC001_AccountRegestration - clicked on regester link
2026-02-04 15:28:49 INFO  testCases.TC001_AccountRegestration - providing all the details
2026-02-04 15:28:52 INFO  testCases.TC001_AccountRegestration - validating expected message
2026-02-04 15:28:54 INFO  testCases.TC001_AccountRegestration - *****starting TC001_AccountRegestration
2026-02-04 15:28:54 INFO  testCases.TC001_AccountRegestration - clicked on my account link
2026-02-04 15:28:54 INFO  testCases.TC001_AccountRegestration - *****starting TC001_AccountRegestration
2026-02-04 15:28:54 INFO  testCases.TC001_AccountRegestration - clicked on my account link
2026-02-04 15:28:55 INFO  testCases.TC001_AccountRegestration - clicked on regester link
2026-02-04 15:28:55 INFO  testCases.TC001_AccountRegestration - providing all the details
2026-02-04 15:28:55 INFO  testCases.TC001_AccountRegestration - clicked on regester link
2026-02-04 15:28:55 INFO  testCases.TC001_AccountRegestration - providing all the details
2026-02-04 15:28:56 INFO  testCases.TC001_AccountRegestration - validating expected message
2026-02-04 15:28:57 INFO  testCases.TC001_AccountRegestration - validating expected message
2026-02-04 23:11:52 INFO  testCases.TC001_AccountRegestration - *****starting TC001_AccountRegestration
2026-02-04 23:11:53 INFO  testCases.TC001_AccountRegestration - clicked on my account link
2026-02-04 23:11:53 INFO  testCases.TC001_AccountRegestration - clicked on regester link
2026-02-04 23:11:53 INFO  testCases.TC001_AccountRegestration - providing all the details
2026-02-04 23:11:56 INFO  testCases.TC001_AccountRegestration - validating expected message
2026-02-04 23:13:05 INFO  testCases.TC002_LoginTest - ***starting the TC002_LoginTest test case
2026-02-04 23:13:07 INFO  testCases.TC002_LoginTest - ***finshed  TC002_LoginTest excution ******
2026-02-04 23:20:44 INFO  testCases.TC002_LoginTest - ***starting the TC002_LoginTest test case
2026-02-04 23:20:46 INFO  testCases.TC002_LoginTest - ***finshed  TC002_LoginTest excution ******
2026-02-04 23:24:31 INFO  testCases.TC002_LoginTest - ***starting the TC002_LoginTest test case
2026-02-04 23:24:32 INFO  testCases.TC002_LoginTest - ***finshed  TC002_LoginTest excution ******
2026-02-04 23:25:05 INFO  testCases.TC002_LoginTest - ***starting the TC002_LoginTest test case
2026-02-04 23:25:07 INFO  testCases.TC002_LoginTest - ***finshed  TC002_LoginTest excution ******
2026-02-04 23:25:23 INFO  testCases.TC002_LoginTest - ***starting the TC002_LoginTest test case
2026-02-04 23:25:25 INFO  testCases.TC002_LoginTest - ***finshed  TC002_LoginTest excution ******
2026-02-04 23:27:23 INFO  testCases.TC002_LoginTest - ***starting the TC002_LoginTest test case
2026-02-05 15:46:57 INFO  testCases.TC_003_Login_DDT - ***excution of TC_003_Login_DDT is strated
2026-02-05 15:47:00 INFO  testCases.TC_003_Login_DDT - ***excution of TC_003_Login_DDT is strated
2026-02-05 15:48:19 INFO  testCases.TC_003_Login_DDT - ***excution of TC_003_Login_DDT is strated
2026-02-05 15:48:21 INFO  testCases.TC_003_Login_DDT - ***excution of TC_003_Login_DDT is strated
2026-02-05 15:50:10 INFO  testCases.TC_003_Login_DDT - ***excution of TC_003_Login_DDT is strated
2026-02-05 15:50:13 INFO  testCases.TC_003_Login_DDT - ***excution of TC_003_Login_DDT is strated
2026-02-05 18:51:06 INFO  testCases.TC_003_Login_DDT - ***excution of TC_003_Login_DDT is strated
2026-02-05 18:51:09 INFO  testCases.TC_003_Login_DDT - ***excution of TC_003_Login_DDT is strated
2026-02-05 18:55:32 INFO  testCases.TC_003_Login_DDT - ***excution of TC_003_Login_DDT is strated
2026-02-05 18:55:44 INFO  testCases.TC_003_Login_DDT - ***excution of TC_003_Login_DDT is strated
2026-02-05 18:59:03 INFO  testCases.TC_003_Login_DDT - ***excution of TC_003_Login_DDT is strated
2026-02-05 18:59:06 INFO  testCases.TC_003_Login_DDT - ***excution of TC_003_Login_DDT is strated
2026-02-05 19:00:49 INFO  testCases.TC_003_Login_DDT - ***excution of TC_003_Login_DDT is strated
2026-02-05 19:00:52 INFO  testCases.TC_003_Login_DDT - ***excution of TC_003_Login_DDT is strated
2026-02-05 19:02:51 INFO  testCases.TC_003_Login_DDT - ***excution of TC_003_Login_DDT is strated
2026-02-05 19:02:54 INFO  testCases.TC_003_Login_DDT - ***excution of TC_003_Login_DDT is strated
2026-02-05 19:07:29 INFO  testCases.TC_003_Login_DDT - ***excution of TC_003_Login_DDT is strated
2026-02-05 19:07:33 INFO  testCases.TC_003_Login_DDT - ***excution of TC_003_Login_DDT is strated
2026-02-05 19:30:30 INFO  testCases.TC_003_Login_DDT - ***excution of TC_003_Login_DDT is strated
2026-02-05 19:30:53 INFO  testCases.TC_003_Login_DDT - ***excution of TC_003_Login_DDT is strated
2026-02-05 19:32:23 INFO  testCases.TC_003_Login_DDT - ***excution of TC_003_Login_DDT is strated
2026-02-05 19:32:36 INFO  testCases.TC_003_Login_DDT - ***excution of TC_003_Login_DDT is strated
2026-02-05 21:14:16 INFO  testCases.TC_003_Login_DDT - ***excution of TC_003_Login_DDT is strated
2026-02-05 21:14:28 INFO  testCases.TC_003_Login_DDT - ***excution of TC_003_Login_DDT is strated
2026-02-05 21:16:10 INFO  testCases.TC_003_Login_DDT - ***excution of TC_003_Login_DDT is strated
2026-02-05 21:16:13 INFO  testCases.TC_003_Login_DDT - ***excution of TC_003_Login_DDT is strated
2026-02-05 21:22:18 INFO  testCases.TC_003_Login_DDT - ***excution of TC_003_Login_DDT is strated
2026-02-05 21:22:20 INFO  testCases.TC_003_Login_DDT - ***excution of TC_003_Login_DDT is strated
2026-02-05 21:31:25 INFO  testCases.TC_003_Login_DDT - ***excution of TC_003_Login_DDT is strated
2026-02-05 21:31:28 INFO  testCases.TC_003_Login_DDT - ***excution of TC_003_Login_DDT is strated
2026-02-05 21:31:40 INFO  testCases.TC_003_Login_DDT - ***excution of TC_003_Login_DDT is strated
2026-02-05 22:05:28 INFO  testCases.TC_003_Login_DDT - ***excution of TC_003_Login_DDT is strated
2026-02-05 22:05:31 INFO  testCases.TC_003_Login_DDT - ***excution of TC_003_Login_DDT is strated
2026-02-05 22:05:45 INFO  testCases.TC_003_Login_DDT - ***excution of TC_003_Login_DDT is strated
2026-02-05 22:16:58 INFO  testCases.TC_003_Login_DDT - ***excution of TC_003_Login_DDT is strated
2026-02-05 22:17:00 INFO  testCases.TC_003_Login_DDT - ***excution of TC_003_Login_DDT is strated
2026-02-05 22:17:11 INFO  testCases.TC_003_Login_DDT - ***excution of TC_003_Login_DDT is strated
2026-02-05 22:21:58 INFO  testCases.TC_003_Login_DDT - ***excution of TC_003_Login_DDT is strated
2026-02-05 22:22:01 INFO  testCases.TC_003_Login_DDT - ***excution of TC_003_Login_DDT is strated
2026-02-05 22:22:11 INFO  testCases.TC_003_Login_DDT - ***excution of TC_003_Login_DDT is strated
2026-02-09 14:47:16 INFO  testCases.TC001_AccountRegestration - *****starting TC001_AccountRegestration
2026-02-09 14:47:16 INFO  testCases.TC001_AccountRegestration - clicked on my account link
2026-02-09 14:47:17 INFO  testCases.TC001_AccountRegestration - clicked on regester link
2026-02-09 14:47:17 INFO  testCases.TC001_AccountRegestration - providing all the details
2026-02-09 14:47:18 INFO  testCases.TC001_AccountRegestration - validating expected message
2026-02-09 14:47:22 INFO  testCases.TC002_LoginTest - ***starting the TC002_LoginTest test case
2026-02-09 14:47:24 INFO  testCases.TC002_LoginTest - ***finshed  TC002_LoginTest excution ******
2026-02-09 14:50:14 INFO  testCases.TC001_AccountRegestration - *****starting TC001_AccountRegestration
2026-02-09 14:50:14 INFO  testCases.TC001_AccountRegestration - clicked on my account link
2026-02-09 14:50:15 INFO  testCases.TC001_AccountRegestration - clicked on regester link
2026-02-09 14:50:15 INFO  testCases.TC001_AccountRegestration - providing all the details
2026-02-09 14:50:16 INFO  testCases.TC001_AccountRegestration - validating expected message
2026-02-09 14:50:20 INFO  testCases.TC002_LoginTest - ***starting the TC002_LoginTest test case
2026-02-09 14:50:22 INFO  testCases.TC002_LoginTest - ***finshed  TC002_LoginTest excution ******
2026-02-09 14:50:49 INFO  testCases.TC002_LoginTest - ***starting the TC002_LoginTest test case
2026-02-09 14:50:52 INFO  testCases.TC002_LoginTest - ***finshed  TC002_LoginTest excution ******
2026-02-09 18:58:13 INFO  testCases.TC001_AccountRegestration - *****starting TC001_AccountRegestration
2026-02-09 18:58:13 INFO  testCases.TC001_AccountRegestration - clicked on my account link
2026-02-09 18:58:16 INFO  testCases.TC001_AccountRegestration - clicked on regester link
2026-02-09 18:58:16 INFO  testCases.TC001_AccountRegestration - providing all the details
2026-02-09 18:58:19 INFO  testCases.TC001_AccountRegestration - validating expected message
2026-02-09 18:58:23 INFO  testCases.TC002_LoginTest - ***starting the TC002_LoginTest test case
2026-02-09 18:58:26 INFO  testCases.TC002_LoginTest - ***finshed  TC002_LoginTest excution ******
2026-02-09 19:07:31 INFO  testCases.TC_003_Login_DDT - ***excution of TC_003_Login_DDT is strated
2026-02-09 19:07:38 INFO  testCases.TC_003_Login_DDT - ***excution of TC_003_Login_DDT is strated
2026-02-09 19:07:50 INFO  testCases.TC_003_Login_DDT - ***excution of TC_003_Login_DDT is strated
2026-02-09 19:14:12 INFO  testCases.TC001_AccountRegestration - *****starting TC001_AccountRegestration
2026-02-09 19:14:12 INFO  testCases.TC001_AccountRegestration - clicked on my account link
2026-02-09 19:14:13 INFO  testCases.TC001_AccountRegestration - clicked on regester link
2026-02-09 19:14:13 INFO  testCases.TC001_AccountRegestration - providing all the details
2026-02-09 19:14:16 INFO  testCases.TC001_AccountRegestration - validating expected message
2026-02-09 19:14:20 INFO  testCases.TC002_LoginTest - ***starting the TC002_LoginTest test case
2026-02-09 19:14:22 INFO  testCases.TC002_LoginTest - ***finshed  TC002_LoginTest excution ******
2026-02-10 09:53:10 INFO  testCases.TC001_AccountRegestration - *****starting TC001_AccountRegestration
2026-02-10 09:53:10 INFO  testCases.TC001_AccountRegestration - clicked on my account link
2026-02-10 09:53:11 INFO  testCases.TC001_AccountRegestration - clicked on regester link
2026-02-10 09:53:11 INFO  testCases.TC001_AccountRegestration - providing all the details
2026-02-10 09:53:13 INFO  testCases.TC001_AccountRegestration - validating expected message
2026-02-10 09:53:17 INFO  testCases.TC002_LoginTest - ***starting the TC002_LoginTest test case
2026-02-10 11:27:03 INFO  testCases.TC002_LoginTest - ***starting the TC002_LoginTest test case
2026-02-10 11:27:06 INFO  testCases.TC002_LoginTest - ***finshed  TC002_LoginTest excution ******
2026-02-10 11:33:17 INFO  testCases.TC001_AccountRegestration - *****starting TC001_AccountRegestration
2026-02-10 11:33:18 INFO  testCases.TC001_AccountRegestration - clicked on my account link
2026-02-10 11:33:18 INFO  testCases.TC001_AccountRegestration - clicked on regester link
2026-02-10 11:33:18 INFO  testCases.TC001_AccountRegestration - providing all the details
2026-02-10 11:33:21 INFO  testCases.TC001_AccountRegestration - validating expected message
2026-02-10 11:33:25 INFO  testCases.TC002_LoginTest - ***starting the TC002_LoginTest test case
2026-02-10 11:33:27 INFO  testCases.TC002_LoginTest - ***finshed  TC002_LoginTest excution ******
2026-02-10 11:37:52 INFO  testCases.TC001_AccountRegestration - *****starting TC001_AccountRegestration
2026-02-10 11:37:52 INFO  testCases.TC001_AccountRegestration - clicked on my account link
2026-02-10 11:37:53 INFO  testCases.TC001_AccountRegestration - clicked on regester link
2026-02-10 11:37:53 INFO  testCases.TC001_AccountRegestration - providing all the details
2026-02-10 11:37:56 INFO  testCases.TC001_AccountRegestration - validating expected message
2026-02-13 12:06:06 INFO  testCases.TC001_AccountRegestration - *****starting TC001_AccountRegestration
2026-02-13 12:06:06 ERROR testCases.TC001_AccountRegestration - test failed
2026-02-13 18:17:38 INFO  testCases.TC001_AccountRegestration - *****starting TC001_AccountRegestration
2026-02-13 18:17:38 INFO  testCases.TC001_AccountRegestration - clicked on my account link
2026-02-13 18:17:38 INFO  testCases.TC001_AccountRegestration - clicked on regester link
2026-02-13 18:17:38 INFO  testCases.TC001_AccountRegestration - providing all the details
2026-02-13 18:17:39 INFO  testCases.TC001_AccountRegestration - validating expected message
2026-02-13 18:17:42 INFO  testCases.TC002_LoginTest - ***starting the TC002_LoginTest test case
2026-02-13 18:17:43 INFO  testCases.TC002_LoginTest - ***finshed  TC002_LoginTest excution ******
2026-02-13 18:26:19 INFO  testCases.TC001_AccountRegestration - *****starting TC001_AccountRegestration
2026-02-13 18:26:19 INFO  testCases.TC001_AccountRegestration - clicked on my account link
2026-02-13 18:26:19 INFO  testCases.TC001_AccountRegestration - clicked on regester link
2026-02-13 18:26:19 INFO  testCases.TC001_AccountRegestration - providing all the details
2026-02-13 18:26:21 INFO  testCases.TC001_AccountRegestration - validating expected message
2026-02-13 18:26:24 INFO  testCases.TC002_LoginTest - ***starting the TC002_LoginTest test case
2026-02-13 18:26:26 INFO  testCases.TC002_LoginTest - ***finshed  TC002_LoginTest excution ******
2026-02-13 18:28:40 INFO  testCases.TC001_AccountRegestration - *****starting TC001_AccountRegestration
2026-02-13 18:28:41 INFO  testCases.TC001_AccountRegestration - clicked on my account link
2026-02-13 18:28:41 INFO  testCases.TC001_AccountRegestration - clicked on regester link
2026-02-13 18:28:41 INFO  testCases.TC001_AccountRegestration - providing all the details
2026-02-13 18:28:43 INFO  testCases.TC001_AccountRegestration - validating expected message
2026-02-13 18:28:45 INFO  testCases.TC002_LoginTest - ***starting the TC002_LoginTest test case
2026-02-13 18:28:46 INFO  testCases.TC002_LoginTest - ***finshed  TC002_LoginTest excution ******
2026-02-13 18:34:48 INFO  testCases.TC001_AccountRegestration - *****starting TC001_AccountRegestration
2026-02-13 18:34:48 INFO  testCases.TC001_AccountRegestration - clicked on my account link
2026-02-13 18:34:49 INFO  testCases.TC001_AccountRegestration - clicked on regester link
2026-02-13 18:34:49 INFO  testCases.TC001_AccountRegestration - providing all the details
2026-02-13 18:34:51 INFO  testCases.TC001_AccountRegestration - validating expected message
2026-02-13 18:34:53 INFO  testCases.TC002_LoginTest - ***starting the TC002_LoginTest test case
2026-02-13 18:34:55 INFO  testCases.TC002_LoginTest - ***finshed  TC002_LoginTest excution ******
2026-02-13 18:37:09 INFO  testCases.TC001_AccountRegestration - *****starting TC001_AccountRegestration
2026-02-13 18:37:09 INFO  testCases.TC001_AccountRegestration - clicked on my account link
2026-02-13 18:37:10 INFO  testCases.TC001_AccountRegestration - clicked on regester link
2026-02-13 18:37:10 INFO  testCases.TC001_AccountRegestration - providing all the details
2026-02-13 18:37:11 INFO  testCases.TC001_AccountRegestration - validating expected message
2026-02-13 18:37:14 INFO  testCases.TC002_LoginTest - ***starting the TC002_LoginTest test case
2026-02-13 18:37:16 INFO  testCases.TC002_LoginTest - ***finshed  TC002_LoginTest excution ******
2026-02-13 18:38:55 INFO  testCases.TC001_AccountRegestration - *****starting TC001_AccountRegestration
2026-02-13 18:38:55 INFO  testCases.TC001_AccountRegestration - clicked on my account link
2026-02-13 18:38:56 INFO  testCases.TC001_AccountRegestration - clicked on regester link
2026-02-13 18:38:56 INFO  testCases.TC001_AccountRegestration - providing all the details
2026-02-13 18:38:58 INFO  testCases.TC001_AccountRegestration - validating expected message
2026-02-13 18:39:00 INFO  testCases.TC002_LoginTest - ***starting the TC002_LoginTest test case
2026-02-13 18:39:04 INFO  testCases.TC002_LoginTest - ***finshed  TC002_LoginTest excution ******
2026-02-13 21:58:43 INFO  testCases.TC001_AccountRegestration - *****starting TC001_AccountRegestration
2026-02-13 21:58:43 INFO  testCases.TC001_AccountRegestration - clicked on my account link
2026-02-13 21:58:44 INFO  testCases.TC001_AccountRegestration - clicked on regester link
2026-02-13 21:58:44 INFO  testCases.TC001_AccountRegestration - providing all the details
2026-02-13 21:58:46 INFO  testCases.TC001_AccountRegestration - validating expected message
2026-02-13 21:58:49 INFO  testCases.TC002_LoginTest - ***starting the TC002_LoginTest test case
2026-02-13 21:58:50 INFO  testCases.TC002_LoginTest - ***finshed  TC002_LoginTest excution ******
2026-02-16 15:11:07 INFO  testCases.TC001_AccountRegestration - *****starting TC001_AccountRegestration
2026-02-16 15:11:07 INFO  testCases.TC001_AccountRegestration - clicked on my account link
2026-02-16 15:11:08 INFO  testCases.TC001_AccountRegestration - clicked on regester link
2026-02-16 15:11:08 INFO  testCases.TC001_AccountRegestration - providing all the details
2026-02-16 15:11:09 INFO  testCases.TC001_AccountRegestration - validating expected message
2026-02-16 15:11:11 INFO  testCases.TC002_LoginTest - ***starting the TC002_LoginTest test case
2026-02-16 15:11:13 INFO  testCases.TC002_LoginTest - ***finshed  TC002_LoginTest excution ******
2026-02-16 15:11:49 INFO  testCases.TC001_AccountRegestration - *****starting TC001_AccountRegestration
2026-02-16 15:11:49 INFO  testCases.TC001_AccountRegestration - clicked on my account link
2026-02-16 15:11:50 INFO  testCases.TC001_AccountRegestration - clicked on regester link
2026-02-16 15:11:50 INFO  testCases.TC001_AccountRegestration - providing all the details
2026-02-16 15:11:51 INFO  testCases.TC001_AccountRegestration - validating expected message
2026-02-16 15:11:53 INFO  testCases.TC002_LoginTest - ***starting the TC002_LoginTest test case
2026-02-16 15:11:55 INFO  testCases.TC002_LoginTest - ***finshed  TC002_LoginTest excution ******
2026-02-16 15:15:13 INFO  testCases.TC001_AccountRegestration - *****starting TC001_AccountRegestration
2026-02-16 15:15:13 INFO  testCases.TC001_AccountRegestration - clicked on my account link
2026-02-16 15:15:14 INFO  testCases.TC001_AccountRegestration - clicked on regester link
2026-02-16 15:15:14 INFO  testCases.TC001_AccountRegestration - providing all the details
2026-02-16 15:15:15 INFO  testCases.TC001_AccountRegestration - validating expected message
2026-02-16 15:15:19 INFO  testCases.TC002_LoginTest - ***starting the TC002_LoginTest test case
2026-02-16 15:15:21 INFO  testCases.TC002_LoginTest - ***finshed  TC002_LoginTest excution ******
2026-02-16 15:17:47 INFO  testCases.TC001_AccountRegestration - *****starting TC001_AccountRegestration
2026-02-16 15:17:47 INFO  testCases.TC001_AccountRegestration - clicked on my account link
2026-02-16 15:17:48 INFO  testCases.TC001_AccountRegestration - clicked on regester link
2026-02-16 15:17:48 INFO  testCases.TC001_AccountRegestration - providing all the details
2026-02-16 15:17:49 INFO  testCases.TC001_AccountRegestration - validating expected message
2026-02-16 15:17:51 INFO  testCases.TC002_LoginTest - ***starting the TC002_LoginTest test case
2026-02-16 15:17:52 INFO  testCases.TC002_LoginTest - ***finshed  TC002_LoginTest excution ******
2026-02-16 15:17:58 INFO  testCases.TC001_AccountRegestration - *****starting TC001_AccountRegestration
2026-02-16 15:17:58 INFO  testCases.TC001_AccountRegestration - clicked on my account link
2026-02-16 15:17:59 INFO  testCases.TC001_AccountRegestration - clicked on regester link
2026-02-16 15:17:59 INFO  testCases.TC001_AccountRegestration - providing all the details
2026-02-16 15:18:00 INFO  testCases.TC001_AccountRegestration - validating expected message
2026-02-16 15:18:04 INFO  testCases.TC002_LoginTest - ***starting the TC002_LoginTest test case
2026-02-16 15:18:05 INFO  testCases.TC002_LoginTest - ***finshed  TC002_LoginTest excution ******
2026-02-16 15:19:04 INFO  testCases.TC001_AccountRegestration - *****starting TC001_AccountRegestration
2026-02-16 15:19:04 INFO  testCases.TC001_AccountRegestration - clicked on my account link
2026-02-16 15:19:05 INFO  testCases.TC001_AccountRegestration - clicked on regester link
2026-02-16 15:19:05 INFO  testCases.TC001_AccountRegestration - providing all the details
2026-02-16 15:19:06 INFO  testCases.TC001_AccountRegestration - validating expected message
2026-02-16 15:19:08 INFO  testCases.TC002_LoginTest - ***starting the TC002_LoginTest test case
2026-02-16 15:19:10 INFO  testCases.TC002_LoginTest - ***finshed  TC002_LoginTest excution ******
2026-02-16 15:19:15 INFO  testCases.TC001_AccountRegestration - *****starting TC001_AccountRegestration
2026-02-16 15:19:15 INFO  testCases.TC001_AccountRegestration - clicked on my account link
2026-02-16 15:19:15 INFO  testCases.TC001_AccountRegestration - clicked on regester link
2026-02-16 15:19:15 INFO  testCases.TC001_AccountRegestration - providing all the details
2026-02-16 15:19:16 INFO  testCases.TC001_AccountRegestration - validating expected message
2026-02-16 15:19:40 INFO  testCases.TC002_LoginTest - ***starting the TC002_LoginTest test case
2026-02-16 15:19:41 INFO  testCases.TC002_LoginTest - ***finshed  TC002_LoginTest excution ******
2026-02-16 15:57:43 INFO  testCases.TC001_AccountRegestration - *****starting TC001_AccountRegestration
2026-02-16 15:57:44 INFO  testCases.TC001_AccountRegestration - clicked on my account link
2026-02-16 15:57:44 INFO  testCases.TC001_AccountRegestration - clicked on regester link
2026-02-16 15:57:44 INFO  testCases.TC001_AccountRegestration - providing all the details
2026-02-16 15:57:47 INFO  testCases.TC001_AccountRegestration - validating expected message
2026-02-16 15:57:50 INFO  testCases.TC002_LoginTest - ***starting the TC002_LoginTest test case
2026-02-16 15:57:53 INFO  testCases.TC002_LoginTest - ***finshed  TC002_LoginTest excution ******
2026-02-16 15:58:01 INFO  testCases.TC001_AccountRegestration - *****starting TC001_AccountRegestration
2026-02-16 15:58:01 INFO  testCases.TC001_AccountRegestration - clicked on my account link
2026-02-16 15:58:02 INFO  testCases.TC001_AccountRegestration - clicked on regester link
2026-02-16 15:58:02 INFO  testCases.TC001_AccountRegestration - providing all the details
2026-02-16 15:58:03 INFO  testCases.TC001_AccountRegestration - validating expected message
2026-02-16 15:58:08 INFO  testCases.TC002_LoginTest - ***starting the TC002_LoginTest test case
2026-02-16 15:58:10 INFO  testCases.TC002_LoginTest - ***finshed  TC002_LoginTest excution ******
2026-02-16 22:58:33 INFO  testCases.TC001_AccountRegestration - *****starting TC001_AccountRegestration
2026-02-16 22:58:33 INFO  testCases.TC001_AccountRegestration - clicked on my account link
2026-02-16 22:58:34 INFO  testCases.TC001_AccountRegestration - clicked on regester link
2026-02-16 22:58:34 INFO  testCases.TC001_AccountRegestration - providing all the details
2026-02-16 22:58:37 INFO  testCases.TC001_AccountRegestration - validating expected message
2026-02-16 22:58:38 INFO  testCases.TC002_LoginTest - ***starting the TC002_LoginTest test case
2026-02-16 22:58:40 INFO  testCases.TC002_LoginTest - ***finshed  TC002_LoginTest excution ******
2026-02-17 10:03:41 INFO  testCases.TC001_AccountRegestration - *****starting TC001_AccountRegestration
2026-02-17 10:03:41 INFO  testCases.TC001_AccountRegestration - clicked on my account link
2026-02-17 10:03:42 INFO  testCases.TC001_AccountRegestration - clicked on regester link
2026-02-17 10:03:42 INFO  testCases.TC001_AccountRegestration - providing all the details
2026-02-17 10:03:43 INFO  testCases.TC001_AccountRegestration - validating expected message
2026-02-17 10:03:45 INFO  testCases.TC002_LoginTest - ***starting the TC002_LoginTest test case
2026-02-17 10:03:46 INFO  testCases.TC002_LoginTest - ***finshed  TC002_LoginTest excution ******
2026-02-17 11:24:37 INFO  testCases.TC001_AccountRegestration - *****starting TC001_AccountRegestration
2026-02-17 11:24:37 INFO  testCases.TC001_AccountRegestration - clicked on my account link
2026-02-17 11:24:37 INFO  testCases.TC001_AccountRegestration - clicked on regester link
2026-02-17 11:24:37 INFO  testCases.TC001_AccountRegestration - providing all the details
2026-02-17 11:24:39 INFO  testCases.TC001_AccountRegestration - validating expected message
2026-02-17 11:24:40 INFO  testCases.TC002_LoginTest - ***starting the TC002_LoginTest test case
2026-02-17 11:24:42 INFO  testCases.TC002_LoginTest - ***finshed  TC002_LoginTest excution ******
2026-02-17 14:23:37 INFO  testCases.TC001_AccountRegestration - *****starting TC001_AccountRegestration
2026-02-17 14:23:38 INFO  testCases.TC001_AccountRegestration - clicked on my account link
2026-02-17 14:23:38 INFO  testCases.TC001_AccountRegestration - clicked on regester link
2026-02-17 14:23:38 INFO  testCases.TC001_AccountRegestration - providing all the details
2026-02-17 14:23:40 INFO  testCases.TC001_AccountRegestration - validating expected message
2026-02-17 14:23:43 INFO  testCases.TC002_LoginTest - ***starting the TC002_LoginTest test case
2026-02-17 14:23:45 INFO  testCases.TC002_LoginTest - ***finshed  TC002_LoginTest excution ******
2026-02-17 14:24:45 INFO  testCases.TC001_AccountRegestration - *****starting TC001_AccountRegestration
2026-02-17 14:24:45 INFO  testCases.TC001_AccountRegestration - clicked on my account link
2026-02-17 14:24:46 INFO  testCases.TC001_AccountRegestration - clicked on regester link
2026-02-17 14:24:46 INFO  testCases.TC001_AccountRegestration - providing all the details
2026-02-17 14:24:48 INFO  testCases.TC001_AccountRegestration - validating expected message
2026-02-17 14:24:49 INFO  testCases.TC002_LoginTest - ***starting the TC002_LoginTest test case
2026-02-17 14:24:51 INFO  testCases.TC002_LoginTest - ***finshed  TC002_LoginTest excution ******
2026-02-17 14:28:14 INFO  testCases.TC001_AccountRegestration - *****starting TC001_AccountRegestration
2026-02-17 14:28:14 INFO  testCases.TC001_AccountRegestration - clicked on my account link
2026-02-17 14:28:14 INFO  testCases.TC001_AccountRegestration - clicked on regester link
2026-02-17 14:28:14 INFO  testCases.TC001_AccountRegestration - providing all the details
2026-02-17 14:28:16 INFO  testCases.TC001_AccountRegestration - validating expected message
2026-02-17 14:28:18 INFO  testCases.TC002_LoginTest - ***starting the TC002_LoginTest test case
2026-02-17 14:28:20 INFO  testCases.TC002_LoginTest - ***finshed  TC002_LoginTest excution ******
2026-02-17 14:50:43 INFO  testCases.TC001_AccountRegestration - *****starting TC001_AccountRegestration
2026-02-17 14:50:43 INFO  testCases.TC001_AccountRegestration - clicked on my account link
2026-02-17 14:50:44 INFO  testCases.TC001_AccountRegestration - clicked on regester link
2026-02-17 14:50:44 INFO  testCases.TC001_AccountRegestration - providing all the details
2026-02-17 14:50:46 INFO  testCases.TC001_AccountRegestration - validating expected message
2026-02-17 14:50:47 INFO  testCases.TC002_LoginTest - ***starting the TC002_LoginTest test case
2026-02-17 14:50:49 INFO  testCases.TC002_LoginTest - ***finshed  TC002_LoginTest excution ******
2026-02-17 14:54:19 INFO  testCases.TC001_AccountRegestration - *****starting TC001_AccountRegestration
2026-02-17 14:54:20 INFO  testCases.TC001_AccountRegestration - clicked on my account link
2026-02-17 14:54:20 INFO  testCases.TC001_AccountRegestration - clicked on regester link
2026-02-17 14:54:20 INFO  testCases.TC001_AccountRegestration - providing all the details
2026-02-17 14:54:22 INFO  testCases.TC001_AccountRegestration - validating expected message
2026-02-17 14:54:24 INFO  testCases.TC002_LoginTest - ***starting the TC002_LoginTest test case
2026-02-17 14:54:26 INFO  testCases.TC002_LoginTest - ***finshed  TC002_LoginTest excution ******
2026-02-17 15:00:30 INFO  testCases.TC001_AccountRegestration - *****starting TC001_AccountRegestration
2026-02-17 15:00:30 INFO  testCases.TC001_AccountRegestration - clicked on my account link
2026-02-17 15:00:31 INFO  testCases.TC001_AccountRegestration - clicked on regester link
2026-02-17 15:00:31 INFO  testCases.TC001_AccountRegestration - providing all the details
2026-02-17 15:00:32 INFO  testCases.TC001_AccountRegestration - validating expected message
2026-02-17 15:00:35 INFO  testCases.TC002_LoginTest - ***starting the TC002_LoginTest test case
2026-02-17 15:00:36 INFO  testCases.TC002_LoginTest - ***finshed  TC002_LoginTest excution ******
2026-02-17 15:13:22 INFO  testCases.TC001_AccountRegestration - *****starting TC001_AccountRegestration
2026-02-17 15:13:22 INFO  testCases.TC001_AccountRegestration - clicked on my account link
2026-02-17 15:13:23 INFO  testCases.TC001_AccountRegestration - clicked on regester link
2026-02-17 15:13:23 INFO  testCases.TC001_AccountRegestration - providing all the details
2026-02-17 15:13:25 INFO  testCases.TC001_AccountRegestration - validating expected message
2026-02-17 15:13:26 INFO  testCases.TC002_LoginTest - ***starting the TC002_LoginTest test case
2026-02-17 15:13:28 INFO  testCases.TC002_LoginTest - ***finshed  TC002_LoginTest excution ******
